<?xml version="1.0" encoding="UTF-8"?>
<robot generator="Robot 7.1.1 (Python 3.13.0 on linux)" generated="2024-12-10T11:03:01.635932" rpa="false" schemaversion="5">
<suite id="s1" name="HIDKeyboard" source="/home/franz/projects/robotframework-construct/atests/HIDKeyboard">
<suite id="s1-s1" name="Hid Keyboard" source="/home/franz/projects/robotframework-construct/atests/HIDKeyboard/hid_keyboard.robot">
<test id="s1-s1-t1" name="Demonstrate USB HID read/write using a USB keyboard as an example" line="15">
<kw name="Open '${HID_FILE}' for reading binary data" owner="robotframework_construct" source_name="Open '${filepath}' for reading binary data">
<msg time="2024-12-10T11:03:01.792100" level="INFO">${IFILE} = &lt;_io.BufferedReader name='/dev/hidraw0'&gt;</msg>
<var>${IFILE}</var>
<doc>Opens a file filepath for reading binary data.</doc>
<status status="PASS" start="2024-12-10T11:03:01.791308" elapsed="0.000915"/>
</kw>
<kw name="Open '${HID_FILE}' for writing binary data without buffering" owner="robotframework_construct" source_name="Open '${filepath}' for writing binary data without buffering">
<msg time="2024-12-10T11:03:01.793937" level="INFO">${OFILE} = &lt;_io.FileIO name='/dev/hidraw0' mode='wb' closefd=True&gt;</msg>
<var>${OFILE}</var>
<doc>Opens a file filepath for writing binary data.</doc>
<status status="PASS" start="2024-12-10T11:03:01.792922" elapsed="0.001095"/>
</kw>
<kw name="Log To Console" owner="BuiltIn">
<arg>${\n}Press left alt and hold please</arg>
<doc>Logs the given message to the console.</doc>
<status status="PASS" start="2024-12-10T11:03:01.794626" elapsed="0.001239"/>
</kw>
<kw name="Parse '${IFILE}' using construct '${HIDReportIn}'" owner="robotframework_construct" source_name="Parse '${binarydata}' using construct '${identifier}'">
<msg time="2024-12-10T11:03:03.857900" level="INFO">parsed: Container: 
    modifiers = Container: 
        right_gui = False
        right_alt = False
        right_shift = False
        right_ctrl = False
        left_gui = False
        left_alt = True
        left_shift = False
        left_ctrl = False
    reserved = 0
    keys = ListContainer: 
        0
        0
        0
        0
        0
        0 using &lt;Struct HIDReportIn&gt; from 04 00 00 00 00 00 00 00</msg>
<msg time="2024-12-10T11:03:03.858519" level="INFO">${LeftAltPressed} = Container: 
    modifiers = Container: 
        right_gui = False
        right_alt = False
        right_shift = False
        right_ctrl = False
        left_gui = False
        left_alt = True
    ...</msg>
<var>${LeftAltPressed}</var>
<doc>Parses binary data using a construct. The binary data can be a byte array, a readable binary file object, or a TCP/UDP socket.</doc>
<status status="PASS" start="2024-12-10T11:03:01.796591" elapsed="2.062073"/>
</kw>
<kw name="Element 'modifiers.left_alt' in '${LeftAltPressed}' should be equal to '${True}'" owner="robotframework_construct" source_name="Element '${locator}' in '${constructDict}' should be equal to '${expectedValue}'">
<msg time="2024-12-10T11:03:03.862929" level="INFO">descending to 'modifiers' of 'Container: 
    modifiers = Container: 
        right_gui = False
        right_alt = False
        right_shift = False
        right_ctrl = False
        left_gui = False
        left_alt = True
        left_shift = False
        left_ctrl = False
    reserved = 0
    keys = ListContainer: 
        0
        0
        0
        0
        0
        0'</msg>
<msg time="2024-12-10T11:03:03.863084" level="INFO">descending to 'left_alt' of 'Container: 
    right_gui = False
    right_alt = False
    right_shift = False
    right_ctrl = False
    left_gui = False
    left_alt = True
    left_shift = False
    left_ctrl = False'</msg>
<doc>Checks that the element located at locator in construct is equal to expectedValue.</doc>
<status status="PASS" start="2024-12-10T11:03:03.859818" elapsed="0.003449"/>
</kw>
<kw name="Log To Console" owner="BuiltIn">
<arg>${\n}Press and hold right shift please</arg>
<doc>Logs the given message to the console.</doc>
<status status="PASS" start="2024-12-10T11:03:03.863765" elapsed="0.000609"/>
</kw>
<kw name="Parse '${IFILE}' using construct '${HIDReportIn}'" owner="robotframework_construct" source_name="Parse '${binarydata}' using construct '${identifier}'">
<msg time="2024-12-10T11:03:05.273801" level="INFO">parsed: Container: 
    modifiers = Container: 
        right_gui = False
        right_alt = False
        right_shift = True
        right_ctrl = False
        left_gui = False
        left_alt = True
        left_shift = False
        left_ctrl = False
    reserved = 0
    keys = ListContainer: 
        0
        0
        0
        0
        0
        0 using &lt;Struct HIDReportIn&gt; from 24 00 00 00 00 00 00 00</msg>
<msg time="2024-12-10T11:03:05.274405" level="INFO">${LeftAltPressed} = Container: 
    modifiers = Container: 
        right_gui = False
        right_alt = False
        right_shift = True
        right_ctrl = False
        left_gui = False
        left_alt = True
     ...</msg>
<var>${LeftAltPressed}</var>
<doc>Parses binary data using a construct. The binary data can be a byte array, a readable binary file object, or a TCP/UDP socket.</doc>
<status status="PASS" start="2024-12-10T11:03:03.864817" elapsed="1.409697"/>
</kw>
<kw name="Element 'modifiers.right_shift' in '${LeftAltPressed}' should be equal to '${True}'" owner="robotframework_construct" source_name="Element '${locator}' in '${constructDict}' should be equal to '${expectedValue}'">
<msg time="2024-12-10T11:03:05.276395" level="INFO">descending to 'modifiers' of 'Container: 
    modifiers = Container: 
        right_gui = False
        right_alt = False
        right_shift = True
        right_ctrl = False
        left_gui = False
        left_alt = True
        left_shift = False
        left_ctrl = False
    reserved = 0
    keys = ListContainer: 
        0
        0
        0
        0
        0
        0'</msg>
<msg time="2024-12-10T11:03:05.276543" level="INFO">descending to 'right_shift' of 'Container: 
    right_gui = False
    right_alt = False
    right_shift = True
    right_ctrl = False
    left_gui = False
    left_alt = True
    left_shift = False
    left_ctrl = False'</msg>
<doc>Checks that the element located at locator in construct is equal to expectedValue.</doc>
<status status="PASS" start="2024-12-10T11:03:05.275432" elapsed="0.001244"/>
</kw>
<kw name="Write binary data generated from '${HIDReportOutEmpty}' using construct '${HIDReportOut}' to '${OFILE}'" owner="robotframework_construct" source_name="Write binary data generated from '${data}' using construct '${identifier}' to '${file}'">
<msg time="2024-12-10T11:03:05.278713" level="INFO">built: 00 00 00 00 00 00 00 00 (a total of 8 bytes) using "&lt;Struct HIDReportOut&gt;" from :"
{'ReportID': 0,
 'modifiers': {'CAPS_LOCK': False, 'NUM_LOCK': False, 'SCROLL_LOCK': False},
 'reserved': [0, 0, 0, 0, 0, 0]}" </msg>
<doc>Writes binary data to a file or sends it over a socket.</doc>
<status status="PASS" start="2024-12-10T11:03:05.277371" elapsed="0.002844"/>
</kw>
<kw name="Log To Console" owner="BuiltIn">
<arg>${\n}The three leds should be off now</arg>
<doc>Logs the given message to the console.</doc>
<status status="PASS" start="2024-12-10T11:03:05.280904" elapsed="0.000510"/>
</kw>
<kw name="Sleep" owner="BuiltIn">
<msg time="2024-12-10T11:03:06.282936" level="INFO">Slept 1 second.</msg>
<arg>1</arg>
<doc>Pauses the test executed for the given time.</doc>
<status status="PASS" start="2024-12-10T11:03:05.282025" elapsed="1.001227"/>
</kw>
<kw name="Modify the element located at 'modifiers.SCROLL_LOCK' of '${HIDReportOutEmpty}' to '${True}'" owner="robotframework_construct" source_name="Modify the element located at '${locator}' of '${constructDict}' to '${value}'">
<msg time="2024-12-10T11:03:06.284933" level="INFO">descending to 'modifiers' of '{'ReportID': 0, 'modifiers': {'SCROLL_LOCK': False, 'NUM_LOCK': False, 'CAPS_LOCK': False}, 'reserved': [0, 0, 0, 0, 0, 0]}'</msg>
<doc>Modifies the element located at locator in constructDict to the value value.</doc>
<status status="PASS" start="2024-12-10T11:03:06.284082" elapsed="0.001042"/>
</kw>
<kw name="Write binary data generated from '${HIDReportOutEmpty}' using construct '${HIDReportOut}' to '${OFILE}'" owner="robotframework_construct" source_name="Write binary data generated from '${data}' using construct '${identifier}' to '${file}'">
<msg time="2024-12-10T11:03:06.287851" level="INFO">built: 00 04 00 00 00 00 00 00 (a total of 8 bytes) using "&lt;Struct HIDReportOut&gt;" from :"
{'ReportID': 0,
 'modifiers': {'CAPS_LOCK': False, 'NUM_LOCK': False, 'SCROLL_LOCK': True},
 'reserved': [0, 0, 0, 0, 0, 0]}" </msg>
<doc>Writes binary data to a file or sends it over a socket.</doc>
<status status="PASS" start="2024-12-10T11:03:06.286108" elapsed="0.003294"/>
</kw>
<kw name="Log To Console" owner="BuiltIn">
<arg>${\n}The scroll lock led should be on now</arg>
<doc>Logs the given message to the console.</doc>
<status status="PASS" start="2024-12-10T11:03:06.290311" elapsed="0.001127"/>
</kw>
<kw name="Sleep" owner="BuiltIn">
<msg time="2024-12-10T11:03:07.292938" level="INFO">Slept 1 second.</msg>
<arg>time_=1</arg>
<doc>Pauses the test executed for the given time.</doc>
<status status="PASS" start="2024-12-10T11:03:06.292071" elapsed="1.001111"/>
</kw>
<kw name="Modify the element located at 'modifiers.SCROLL_LOCK' of '${HIDReportOutEmpty}' to '${False}'" owner="robotframework_construct" source_name="Modify the element located at '${locator}' of '${constructDict}' to '${value}'">
<msg time="2024-12-10T11:03:07.295000" level="INFO">descending to 'modifiers' of '{'ReportID': 0, 'modifiers': {'SCROLL_LOCK': True, 'NUM_LOCK': False, 'CAPS_LOCK': False}, 'reserved': [0, 0, 0, 0, 0, 0]}'</msg>
<doc>Modifies the element located at locator in constructDict to the value value.</doc>
<status status="PASS" start="2024-12-10T11:03:07.294070" elapsed="0.001196"/>
</kw>
<kw name="Modify the element located at 'modifiers.CAPS_LOCK' of '${HIDReportOutEmpty}' to '${True}'" owner="robotframework_construct" source_name="Modify the element located at '${locator}' of '${constructDict}' to '${value}'">
<msg time="2024-12-10T11:03:07.297046" level="INFO">descending to 'modifiers' of '{'ReportID': 0, 'modifiers': {'SCROLL_LOCK': False, 'NUM_LOCK': False, 'CAPS_LOCK': False}, 'reserved': [0, 0, 0, 0, 0, 0]}'</msg>
<doc>Modifies the element located at locator in constructDict to the value value.</doc>
<status status="PASS" start="2024-12-10T11:03:07.296223" elapsed="0.001077"/>
</kw>
<kw name="Write binary data generated from '${HIDReportOutEmpty}' using construct '${HIDReportOut}' to '${OFILE}'" owner="robotframework_construct" source_name="Write binary data generated from '${data}' using construct '${identifier}' to '${file}'">
<msg time="2024-12-10T11:03:07.300125" level="INFO">built: 00 01 00 00 00 00 00 00 (a total of 8 bytes) using "&lt;Struct HIDReportOut&gt;" from :"
{'ReportID': 0,
 'modifiers': {'CAPS_LOCK': True, 'NUM_LOCK': False, 'SCROLL_LOCK': False},
 'reserved': [0, 0, 0, 0, 0, 0]}" </msg>
<doc>Writes binary data to a file or sends it over a socket.</doc>
<status status="PASS" start="2024-12-10T11:03:07.298302" elapsed="0.003537"/>
</kw>
<kw name="Log To Console" owner="BuiltIn">
<arg>${\n}The caps lock led should be on now</arg>
<doc>Logs the given message to the console.</doc>
<status status="PASS" start="2024-12-10T11:03:07.302509" elapsed="0.000583"/>
</kw>
<tag>hardware</tag>
<status status="PASS" start="2024-12-10T11:03:01.789374" elapsed="5.514221"/>
</test>
<doc>This is a simple example for a robot file using robotframework-construct demonstrating accessing real HW over the USB HID interface.

This currently only tested on linux</doc>
<status status="PASS" start="2024-12-10T11:03:01.687012" elapsed="5.617968"/>
</suite>
<status status="PASS" start="2024-12-10T11:03:01.638088" elapsed="5.669212"/>
</suite>
<statistics>
<total>
<stat pass="1" fail="0" skip="0">All Tests</stat>
</total>
<tag>
<stat pass="1" fail="0" skip="0">hardware</stat>
</tag>
<suite>
<stat pass="1" fail="0" skip="0" id="s1" name="HIDKeyboard">HIDKeyboard</stat>
<stat pass="1" fail="0" skip="0" id="s1-s1" name="Hid Keyboard">HIDKeyboard.Hid Keyboard</stat>
</suite>
</statistics>
<errors>
</errors>
</robot>
